  Using bundled DotNet SDK
  Log file: C:\Users\Usuario\AppData\Local\UnrealBuildTool\Log.txt
  Using 'git status' to determine working set for adaptive non-unity build (C:\Users\Usuario\Desktop\Proyectos unreal\TFGBabelship).
  Invalidating makefile for BabelshipEditor (working set of source files changed)
  Building BabelshipEditor...
  Using Visual Studio 2022 14.33.31630 toolchain (C:\Program Files\Microsoft Visual Studio\2022\Community\VC\Tools\MSVC\14.33.31629) and Windows 10.0.18362.0 SDK (C:\Program Files (x86)\Windows Kits\10).
  Determining max actions to execute in parallel (4 physical cores, 8 logical cores)
    Executing up to 4 processes, one per physical core
  Building 26 actions with 4 processes...
  [1/26] Compile BabelshipProjectile.gen.cpp
  [2/26] Compile RoutePoint.gen.cpp
  [3/26] Compile BabelshipPlayerController.gen.cpp
  [4/26] Compile TP_WeaponComponent.gen.cpp
  [5/26] Compile BabelshipCharacter.gen.cpp
  [6/26] Compile BabelshipProjectile.cpp
  [7/26] Compile Babelship.init.gen.cpp
  [8/26] Compile AIFactory.cpp
  [9/26] Compile Babelship.cpp
  [10/26] Compile TP_WeaponComponent.cpp
  [11/26] Compile TP_PickUpComponent.cpp
  [12/26] Compile ComputeShader.cpp
  [13/26] Compile AIMeshGenerator.gen.cpp
  [14/26] Compile BabelshipPlayerController.cpp
  [15/26] Compile TP_PickUpComponent.gen.cpp
  [16/26] Compile MyClass.cpp
  [17/26] Compile BabelshipGameMode.gen.cpp
  [18/26] Compile RoutePoint.cpp
  [19/26] Compile BabelshipCharacter.cpp
  [20/26] Compile AIMeshGenerator.cpp
  [21/26] Compile BabelshipGameMode.cpp
  [22/26] Compile Widget_dialog.cpp
  [23/26] Compile Widget_dialog.gen.cpp
  [24/26] Link UnrealEditor-Babelship.lib
     Creando biblioteca C:\Users\Usuario\Desktop\Proyectos unreal\TFGBabelship\Babelship\Intermediate\Build\Win64\UnrealEditor\Development\Babelship\UnrealEditor-Babelship.lib y objeto C:\Users\Usuario\Desktop\Proyectos unreal\TFGBabelship\Babelship\Intermediate\Build\Win64\UnrealEditor\Development\Babelship\UnrealEditor-Babelship.exp
  [25/26] Link UnrealEditor-Babelship.dll
     Creando biblioteca C:\Users\Usuario\Desktop\Proyectos unreal\TFGBabelship\Babelship\Intermediate\Build\Win64\UnrealEditor\Development\Babelship\UnrealEditor-Babelship.suppressed.lib y objeto C:\Users\Usuario\Desktop\Proyectos unreal\TFGBabelship\Babelship\Intermediate\Build\Win64\UnrealEditor\Development\Babelship\UnrealEditor-Babelship.suppressed.exp
  [26/26] WriteMetadata BabelshipEditor.target
  Total time in Parallel executor: 13,87 seconds
  Total execution time: 18,97 seconds
